{
  "timestamp": "2026-02-03 12:57:11",
  "level": "error",
  "message": "uncaughtException: Variáveis SUPABASE_URL ou SUPABASE_SERVICE_ROLE_KEY não configuradas\nError: Variáveis SUPABASE_URL ou SUPABASE_SERVICE_ROLE_KEY não configuradas\n    at new AdminService (C:\\Users\\afonso\\Desktop\\faculdade\\backend-api\\services\\adminService.js:15:13)\n    at Object.<anonymous> (C:\\Users\\afonso\\Desktop\\faculdade\\backend-api\\services\\adminService.js:308:18)\n    at Module._compile (node:internal/modules/cjs/loader:1761:14)\n    at Object..js (node:internal/modules/cjs/loader:1893:10)\n    at Module.load (node:internal/modules/cjs/loader:1481:32)\n    at Module._load (node:internal/modules/cjs/loader:1300:12)\n    at TracingChannel.traceSync (node:diagnostics_channel:328:14)\n    at wrapModuleLoad (node:internal/modules/cjs/loader:245:24)\n    at Module.require (node:internal/modules/cjs/loader:1504:12)\n    at require (node:internal/modules/helpers:152:16)",
  "error": {},
  "stack": "Error: Variáveis SUPABASE_URL ou SUPABASE_SERVICE_ROLE_KEY não configuradas\n    at new AdminService (C:\\Users\\afonso\\Desktop\\faculdade\\backend-api\\services\\adminService.js:15:13)\n    at Object.<anonymous> (C:\\Users\\afonso\\Desktop\\faculdade\\backend-api\\services\\adminService.js:308:18)\n    at Module._compile (node:internal/modules/cjs/loader:1761:14)\n    at Object..js (node:internal/modules/cjs/loader:1893:10)\n    at Module.load (node:internal/modules/cjs/loader:1481:32)\n    at Module._load (node:internal/modules/cjs/loader:1300:12)\n    at TracingChannel.traceSync (node:diagnostics_channel:328:14)\n    at wrapModuleLoad (node:internal/modules/cjs/loader:245:24)\n    at Module.require (node:internal/modules/cjs/loader:1504:12)\n    at require (node:internal/modules/helpers:152:16)",
  "exception": true,
  "date": "Tue Feb 03 2026 12:57:11 GMT-0300 (Horário Padrão de Brasília)",
  "process": {
    "pid": 3508,
    "uid": null,
    "gid": null,
    "cwd": "C:\\Users\\afonso\\Desktop\\faculdade\\backend-api",
    "execPath": "C:\\Program Files\\nodejs\\node.exe",
    "version": "v24.11.1",
    "argv": [
      "C:\\Program Files\\nodejs\\node.exe",
      "C:\\Users\\afonso\\Desktop\\faculdade\\backend-api\\server.js"
    ],
    "memoryUsage": {
      "rss": 65024000,
      "heapTotal": 30801920,
      "heapUsed": 19060040,
      "external": 2401068,
      "arrayBuffers": 18927
    }
  },
  "os": {
    "loadavg": [
      0,
      0,
      0
    ],
    "uptime": 18751.406
  },
  "trace": [
    {
      "column": 13,
      "file": "C:\\Users\\afonso\\Desktop\\faculdade\\backend-api\\services\\adminService.js",
      "function": "new AdminService",
      "line": 15,
      "method": null,
      "native": false
    },
    {
      "column": 18,
      "file": "C:\\Users\\afonso\\Desktop\\faculdade\\backend-api\\services\\adminService.js",
      "function": null,
      "line": 308,
      "method": null,
      "native": false
    },
    {
      "column": 14,
      "file": "node:internal/modules/cjs/loader",
      "function": "Module._compile",
      "line": 1761,
      "method": "_compile",
      "native": false
    },
    {
      "column": 10,
      "file": "node:internal/modules/cjs/loader",
      "function": "Object..js",
      "line": 1893,
      "method": ".js",
      "native": false
    },
    {
      "column": 32,
      "file": "node:internal/modules/cjs/loader",
      "function": "Module.load",
      "line": 1481,
      "method": "load",
      "native": false
    },
    {
      "column": 12,
      "file": "node:internal/modules/cjs/loader",
      "function": "Module._load",
      "line": 1300,
      "method": "_load",
      "native": false
    },
    {
      "column": 14,
      "file": "node:diagnostics_channel",
      "function": "TracingChannel.traceSync",
      "line": 328,
      "method": "traceSync",
      "native": false
    },
    {
      "column": 24,
      "file": "node:internal/modules/cjs/loader",
      "function": "wrapModuleLoad",
      "line": 245,
      "method": null,
      "native": false
    },
    {
      "column": 12,
      "file": "node:internal/modules/cjs/loader",
      "function": "Module.require",
      "line": 1504,
      "method": "require",
      "native": false
    },
    {
      "column": 16,
      "file": "node:internal/modules/helpers",
      "function": "require",
      "line": 152,
      "method": null,
      "native": false
    }
  ],
  "service": "email-system"
}
{
  "timestamp": "2026-02-03 12:57:31",
  "level": "error",
  "message": "uncaughtException: Variáveis SUPABASE_URL ou SUPABASE_SERVICE_ROLE_KEY não configuradas\nError: Variáveis SUPABASE_URL ou SUPABASE_SERVICE_ROLE_KEY não configuradas\n    at new AdminService (C:\\Users\\afonso\\Desktop\\faculdade\\backend-api\\services\\adminService.js:15:13)\n    at Object.<anonymous> (C:\\Users\\afonso\\Desktop\\faculdade\\backend-api\\services\\adminService.js:308:18)\n    at Module._compile (node:internal/modules/cjs/loader:1761:14)\n    at Object..js (node:internal/modules/cjs/loader:1893:10)\n    at Module.load (node:internal/modules/cjs/loader:1481:32)\n    at Module._load (node:internal/modules/cjs/loader:1300:12)\n    at TracingChannel.traceSync (node:diagnostics_channel:328:14)\n    at wrapModuleLoad (node:internal/modules/cjs/loader:245:24)\n    at Module.require (node:internal/modules/cjs/loader:1504:12)\n    at require (node:internal/modules/helpers:152:16)",
  "error": {},
  "stack": "Error: Variáveis SUPABASE_URL ou SUPABASE_SERVICE_ROLE_KEY não configuradas\n    at new AdminService (C:\\Users\\afonso\\Desktop\\faculdade\\backend-api\\services\\adminService.js:15:13)\n    at Object.<anonymous> (C:\\Users\\afonso\\Desktop\\faculdade\\backend-api\\services\\adminService.js:308:18)\n    at Module._compile (node:internal/modules/cjs/loader:1761:14)\n    at Object..js (node:internal/modules/cjs/loader:1893:10)\n    at Module.load (node:internal/modules/cjs/loader:1481:32)\n    at Module._load (node:internal/modules/cjs/loader:1300:12)\n    at TracingChannel.traceSync (node:diagnostics_channel:328:14)\n    at wrapModuleLoad (node:internal/modules/cjs/loader:245:24)\n    at Module.require (node:internal/modules/cjs/loader:1504:12)\n    at require (node:internal/modules/helpers:152:16)",
  "exception": true,
  "date": "Tue Feb 03 2026 12:57:31 GMT-0300 (Horário Padrão de Brasília)",
  "process": {
    "pid": 4216,
    "uid": null,
    "gid": null,
    "cwd": "C:\\Users\\afonso\\Desktop\\faculdade\\backend-api",
    "execPath": "C:\\Program Files\\nodejs\\node.exe",
    "version": "v24.11.1",
    "argv": [
      "C:\\Program Files\\nodejs\\node.exe",
      "C:\\Users\\afonso\\Desktop\\faculdade\\backend-api\\server.js"
    ],
    "memoryUsage": {
      "rss": 64978944,
      "heapTotal": 30801920,
      "heapUsed": 19050832,
      "external": 2401068,
      "arrayBuffers": 18927
    }
  },
  "os": {
    "loadavg": [
      0,
      0,
      0
    ],
    "uptime": 18771.218
  },
  "trace": [
    {
      "column": 13,
      "file": "C:\\Users\\afonso\\Desktop\\faculdade\\backend-api\\services\\adminService.js",
      "function": "new AdminService",
      "line": 15,
      "method": null,
      "native": false
    },
    {
      "column": 18,
      "file": "C:\\Users\\afonso\\Desktop\\faculdade\\backend-api\\services\\adminService.js",
      "function": null,
      "line": 308,
      "method": null,
      "native": false
    },
    {
      "column": 14,
      "file": "node:internal/modules/cjs/loader",
      "function": "Module._compile",
      "line": 1761,
      "method": "_compile",
      "native": false
    },
    {
      "column": 10,
      "file": "node:internal/modules/cjs/loader",
      "function": "Object..js",
      "line": 1893,
      "method": ".js",
      "native": false
    },
    {
      "column": 32,
      "file": "node:internal/modules/cjs/loader",
      "function": "Module.load",
      "line": 1481,
      "method": "load",
      "native": false
    },
    {
      "column": 12,
      "file": "node:internal/modules/cjs/loader",
      "function": "Module._load",
      "line": 1300,
      "method": "_load",
      "native": false
    },
    {
      "column": 14,
      "file": "node:diagnostics_channel",
      "function": "TracingChannel.traceSync",
      "line": 328,
      "method": "traceSync",
      "native": false
    },
    {
      "column": 24,
      "file": "node:internal/modules/cjs/loader",
      "function": "wrapModuleLoad",
      "line": 245,
      "method": null,
      "native": false
    },
    {
      "column": 12,
      "file": "node:internal/modules/cjs/loader",
      "function": "Module.require",
      "line": 1504,
      "method": "require",
      "native": false
    },
    {
      "column": 16,
      "file": "node:internal/modules/helpers",
      "function": "require",
      "line": 152,
      "method": null,
      "native": false
    }
  ],
  "service": "email-system"
}
{
  "timestamp": "2026-02-03 12:57:50",
  "level": "error",
  "message": "uncaughtException: Variáveis SUPABASE_URL ou SUPABASE_SERVICE_ROLE_KEY não configuradas\nError: Variáveis SUPABASE_URL ou SUPABASE_SERVICE_ROLE_KEY não configuradas\n    at new AdminService (C:\\Users\\afonso\\Desktop\\faculdade\\backend-api\\services\\adminService.js:15:13)\n    at Object.<anonymous> (C:\\Users\\afonso\\Desktop\\faculdade\\backend-api\\services\\adminService.js:308:18)\n    at Module._compile (node:internal/modules/cjs/loader:1761:14)\n    at Object..js (node:internal/modules/cjs/loader:1893:10)\n    at Module.load (node:internal/modules/cjs/loader:1481:32)\n    at Module._load (node:internal/modules/cjs/loader:1300:12)\n    at TracingChannel.traceSync (node:diagnostics_channel:328:14)\n    at wrapModuleLoad (node:internal/modules/cjs/loader:245:24)\n    at Module.require (node:internal/modules/cjs/loader:1504:12)\n    at require (node:internal/modules/helpers:152:16)",
  "error": {},
  "stack": "Error: Variáveis SUPABASE_URL ou SUPABASE_SERVICE_ROLE_KEY não configuradas\n    at new AdminService (C:\\Users\\afonso\\Desktop\\faculdade\\backend-api\\services\\adminService.js:15:13)\n    at Object.<anonymous> (C:\\Users\\afonso\\Desktop\\faculdade\\backend-api\\services\\adminService.js:308:18)\n    at Module._compile (node:internal/modules/cjs/loader:1761:14)\n    at Object..js (node:internal/modules/cjs/loader:1893:10)\n    at Module.load (node:internal/modules/cjs/loader:1481:32)\n    at Module._load (node:internal/modules/cjs/loader:1300:12)\n    at TracingChannel.traceSync (node:diagnostics_channel:328:14)\n    at wrapModuleLoad (node:internal/modules/cjs/loader:245:24)\n    at Module.require (node:internal/modules/cjs/loader:1504:12)\n    at require (node:internal/modules/helpers:152:16)",
  "exception": true,
  "date": "Tue Feb 03 2026 12:57:50 GMT-0300 (Horário Padrão de Brasília)",
  "process": {
    "pid": 17180,
    "uid": null,
    "gid": null,
    "cwd": "C:\\Users\\afonso\\Desktop\\faculdade\\backend-api",
    "execPath": "C:\\Program Files\\nodejs\\node.exe",
    "version": "v24.11.1",
    "argv": [
      "C:\\Program Files\\nodejs\\node.exe",
      "C:\\Users\\afonso\\Desktop\\faculdade\\backend-api\\server.js"
    ],
    "memoryUsage": {
      "rss": 64999424,
      "heapTotal": 30801920,
      "heapUsed": 19050680,
      "external": 2401068,
      "arrayBuffers": 18927
    }
  },
  "os": {
    "loadavg": [
      0,
      0,
      0
    ],
    "uptime": 18790.453
  },
  "trace": [
    {
      "column": 13,
      "file": "C:\\Users\\afonso\\Desktop\\faculdade\\backend-api\\services\\adminService.js",
      "function": "new AdminService",
      "line": 15,
      "method": null,
      "native": false
    },
    {
      "column": 18,
      "file": "C:\\Users\\afonso\\Desktop\\faculdade\\backend-api\\services\\adminService.js",
      "function": null,
      "line": 308,
      "method": null,
      "native": false
    },
    {
      "column": 14,
      "file": "node:internal/modules/cjs/loader",
      "function": "Module._compile",
      "line": 1761,
      "method": "_compile",
      "native": false
    },
    {
      "column": 10,
      "file": "node:internal/modules/cjs/loader",
      "function": "Object..js",
      "line": 1893,
      "method": ".js",
      "native": false
    },
    {
      "column": 32,
      "file": "node:internal/modules/cjs/loader",
      "function": "Module.load",
      "line": 1481,
      "method": "load",
      "native": false
    },
    {
      "column": 12,
      "file": "node:internal/modules/cjs/loader",
      "function": "Module._load",
      "line": 1300,
      "method": "_load",
      "native": false
    },
    {
      "column": 14,
      "file": "node:diagnostics_channel",
      "function": "TracingChannel.traceSync",
      "line": 328,
      "method": "traceSync",
      "native": false
    },
    {
      "column": 24,
      "file": "node:internal/modules/cjs/loader",
      "function": "wrapModuleLoad",
      "line": 245,
      "method": null,
      "native": false
    },
    {
      "column": 12,
      "file": "node:internal/modules/cjs/loader",
      "function": "Module.require",
      "line": 1504,
      "method": "require",
      "native": false
    },
    {
      "column": 16,
      "file": "node:internal/modules/helpers",
      "function": "require",
      "line": 152,
      "method": null,
      "native": false
    }
  ],
  "service": "email-system"
}
{
  "timestamp": "2026-02-03 12:58:38",
  "level": "error",
  "message": "uncaughtException: Variáveis SUPABASE_URL ou SUPABASE_SERVICE_ROLE_KEY não configuradas\nError: Variáveis SUPABASE_URL ou SUPABASE_SERVICE_ROLE_KEY não configuradas\n    at new AdminService (C:\\Users\\afonso\\Desktop\\faculdade\\backend-api\\services\\adminService.js:15:13)\n    at Object.<anonymous> (C:\\Users\\afonso\\Desktop\\faculdade\\backend-api\\services\\adminService.js:308:18)\n    at Module._compile (node:internal/modules/cjs/loader:1761:14)\n    at Object..js (node:internal/modules/cjs/loader:1893:10)\n    at Module.load (node:internal/modules/cjs/loader:1481:32)\n    at Module._load (node:internal/modules/cjs/loader:1300:12)\n    at TracingChannel.traceSync (node:diagnostics_channel:328:14)\n    at wrapModuleLoad (node:internal/modules/cjs/loader:245:24)\n    at Module.require (node:internal/modules/cjs/loader:1504:12)\n    at require (node:internal/modules/helpers:152:16)",
  "error": {},
  "stack": "Error: Variáveis SUPABASE_URL ou SUPABASE_SERVICE_ROLE_KEY não configuradas\n    at new AdminService (C:\\Users\\afonso\\Desktop\\faculdade\\backend-api\\services\\adminService.js:15:13)\n    at Object.<anonymous> (C:\\Users\\afonso\\Desktop\\faculdade\\backend-api\\services\\adminService.js:308:18)\n    at Module._compile (node:internal/modules/cjs/loader:1761:14)\n    at Object..js (node:internal/modules/cjs/loader:1893:10)\n    at Module.load (node:internal/modules/cjs/loader:1481:32)\n    at Module._load (node:internal/modules/cjs/loader:1300:12)\n    at TracingChannel.traceSync (node:diagnostics_channel:328:14)\n    at wrapModuleLoad (node:internal/modules/cjs/loader:245:24)\n    at Module.require (node:internal/modules/cjs/loader:1504:12)\n    at require (node:internal/modules/helpers:152:16)",
  "exception": true,
  "date": "Tue Feb 03 2026 12:58:38 GMT-0300 (Horário Padrão de Brasília)",
  "process": {
    "pid": 7428,
    "uid": null,
    "gid": null,
    "cwd": "C:\\Users\\afonso\\Desktop\\faculdade\\backend-api",
    "execPath": "C:\\Program Files\\nodejs\\node.exe",
    "version": "v24.11.1",
    "argv": [
      "C:\\Program Files\\nodejs\\node.exe",
      "C:\\Users\\afonso\\Desktop\\faculdade\\backend-api\\server.js"
    ],
    "memoryUsage": {
      "rss": 65347584,
      "heapTotal": 30801920,
      "heapUsed": 19003800,
      "external": 2401068,
      "arrayBuffers": 18927
    }
  },
  "os": {
    "loadavg": [
      0,
      0,
      0
    ],
    "uptime": 18838.421
  },
  "trace": [
    {
      "column": 13,
      "file": "C:\\Users\\afonso\\Desktop\\faculdade\\backend-api\\services\\adminService.js",
      "function": "new AdminService",
      "line": 15,
      "method": null,
      "native": false
    },
    {
      "column": 18,
      "file": "C:\\Users\\afonso\\Desktop\\faculdade\\backend-api\\services\\adminService.js",
      "function": null,
      "line": 308,
      "method": null,
      "native": false
    },
    {
      "column": 14,
      "file": "node:internal/modules/cjs/loader",
      "function": "Module._compile",
      "line": 1761,
      "method": "_compile",
      "native": false
    },
    {
      "column": 10,
      "file": "node:internal/modules/cjs/loader",
      "function": "Object..js",
      "line": 1893,
      "method": ".js",
      "native": false
    },
    {
      "column": 32,
      "file": "node:internal/modules/cjs/loader",
      "function": "Module.load",
      "line": 1481,
      "method": "load",
      "native": false
    },
    {
      "column": 12,
      "file": "node:internal/modules/cjs/loader",
      "function": "Module._load",
      "line": 1300,
      "method": "_load",
      "native": false
    },
    {
      "column": 14,
      "file": "node:diagnostics_channel",
      "function": "TracingChannel.traceSync",
      "line": 328,
      "method": "traceSync",
      "native": false
    },
    {
      "column": 24,
      "file": "node:internal/modules/cjs/loader",
      "function": "wrapModuleLoad",
      "line": 245,
      "method": null,
      "native": false
    },
    {
      "column": 12,
      "file": "node:internal/modules/cjs/loader",
      "function": "Module.require",
      "line": 1504,
      "method": "require",
      "native": false
    },
    {
      "column": 16,
      "file": "node:internal/modules/helpers",
      "function": "require",
      "line": 152,
      "method": null,
      "native": false
    }
  ],
  "service": "email-system"
}
{
  "timestamp": "2026-02-03 12:58:55",
  "level": "error",
  "message": "uncaughtException: Variáveis SUPABASE_URL ou SUPABASE_SERVICE_ROLE_KEY não configuradas\nError: Variáveis SUPABASE_URL ou SUPABASE_SERVICE_ROLE_KEY não configuradas\n    at new AdminService (C:\\Users\\afonso\\Desktop\\faculdade\\backend-api\\services\\adminService.js:15:13)\n    at Object.<anonymous> (C:\\Users\\afonso\\Desktop\\faculdade\\backend-api\\services\\adminService.js:308:18)\n    at Module._compile (node:internal/modules/cjs/loader:1761:14)\n    at Object..js (node:internal/modules/cjs/loader:1893:10)\n    at Module.load (node:internal/modules/cjs/loader:1481:32)\n    at Module._load (node:internal/modules/cjs/loader:1300:12)\n    at TracingChannel.traceSync (node:diagnostics_channel:328:14)\n    at wrapModuleLoad (node:internal/modules/cjs/loader:245:24)\n    at Module.require (node:internal/modules/cjs/loader:1504:12)\n    at require (node:internal/modules/helpers:152:16)",
  "error": {},
  "stack": "Error: Variáveis SUPABASE_URL ou SUPABASE_SERVICE_ROLE_KEY não configuradas\n    at new AdminService (C:\\Users\\afonso\\Desktop\\faculdade\\backend-api\\services\\adminService.js:15:13)\n    at Object.<anonymous> (C:\\Users\\afonso\\Desktop\\faculdade\\backend-api\\services\\adminService.js:308:18)\n    at Module._compile (node:internal/modules/cjs/loader:1761:14)\n    at Object..js (node:internal/modules/cjs/loader:1893:10)\n    at Module.load (node:internal/modules/cjs/loader:1481:32)\n    at Module._load (node:internal/modules/cjs/loader:1300:12)\n    at TracingChannel.traceSync (node:diagnostics_channel:328:14)\n    at wrapModuleLoad (node:internal/modules/cjs/loader:245:24)\n    at Module.require (node:internal/modules/cjs/loader:1504:12)\n    at require (node:internal/modules/helpers:152:16)",
  "exception": true,
  "date": "Tue Feb 03 2026 12:58:55 GMT-0300 (Horário Padrão de Brasília)",
  "process": {
    "pid": 17240,
    "uid": null,
    "gid": null,
    "cwd": "C:\\Users\\afonso\\Desktop\\faculdade\\backend-api",
    "execPath": "C:\\Program Files\\nodejs\\node.exe",
    "version": "v24.11.1",
    "argv": [
      "C:\\Program Files\\nodejs\\node.exe",
      "C:\\Users\\afonso\\Desktop\\faculdade\\backend-api\\server.js"
    ],
    "memoryUsage": {
      "rss": 63946752,
      "heapTotal": 30539776,
      "heapUsed": 19028728,
      "external": 2401068,
      "arrayBuffers": 18927
    }
  },
  "os": {
    "loadavg": [
      0,
      0,
      0
    ],
    "uptime": 18855.015
  },
  "trace": [
    {
      "column": 13,
      "file": "C:\\Users\\afonso\\Desktop\\faculdade\\backend-api\\services\\adminService.js",
      "function": "new AdminService",
      "line": 15,
      "method": null,
      "native": false
    },
    {
      "column": 18,
      "file": "C:\\Users\\afonso\\Desktop\\faculdade\\backend-api\\services\\adminService.js",
      "function": null,
      "line": 308,
      "method": null,
      "native": false
    },
    {
      "column": 14,
      "file": "node:internal/modules/cjs/loader",
      "function": "Module._compile",
      "line": 1761,
      "method": "_compile",
      "native": false
    },
    {
      "column": 10,
      "file": "node:internal/modules/cjs/loader",
      "function": "Object..js",
      "line": 1893,
      "method": ".js",
      "native": false
    },
    {
      "column": 32,
      "file": "node:internal/modules/cjs/loader",
      "function": "Module.load",
      "line": 1481,
      "method": "load",
      "native": false
    },
    {
      "column": 12,
      "file": "node:internal/modules/cjs/loader",
      "function": "Module._load",
      "line": 1300,
      "method": "_load",
      "native": false
    },
    {
      "column": 14,
      "file": "node:diagnostics_channel",
      "function": "TracingChannel.traceSync",
      "line": 328,
      "method": "traceSync",
      "native": false
    },
    {
      "column": 24,
      "file": "node:internal/modules/cjs/loader",
      "function": "wrapModuleLoad",
      "line": 245,
      "method": null,
      "native": false
    },
    {
      "column": 12,
      "file": "node:internal/modules/cjs/loader",
      "function": "Module.require",
      "line": 1504,
      "method": "require",
      "native": false
    },
    {
      "column": 16,
      "file": "node:internal/modules/helpers",
      "function": "require",
      "line": 152,
      "method": null,
      "native": false
    }
  ],
  "service": "email-system"
}
{
  "timestamp": "2026-02-03 12:59:04",
  "level": "error",
  "message": "uncaughtException: Variáveis SUPABASE_URL ou SUPABASE_SERVICE_ROLE_KEY não configuradas\nError: Variáveis SUPABASE_URL ou SUPABASE_SERVICE_ROLE_KEY não configuradas\n    at new AdminService (C:\\Users\\afonso\\Desktop\\faculdade\\backend-api\\services\\adminService.js:15:13)\n    at Object.<anonymous> (C:\\Users\\afonso\\Desktop\\faculdade\\backend-api\\services\\adminService.js:308:18)\n    at Module._compile (node:internal/modules/cjs/loader:1761:14)\n    at Object..js (node:internal/modules/cjs/loader:1893:10)\n    at Module.load (node:internal/modules/cjs/loader:1481:32)\n    at Module._load (node:internal/modules/cjs/loader:1300:12)\n    at TracingChannel.traceSync (node:diagnostics_channel:328:14)\n    at wrapModuleLoad (node:internal/modules/cjs/loader:245:24)\n    at Module.require (node:internal/modules/cjs/loader:1504:12)\n    at require (node:internal/modules/helpers:152:16)",
  "error": {},
  "stack": "Error: Variáveis SUPABASE_URL ou SUPABASE_SERVICE_ROLE_KEY não configuradas\n    at new AdminService (C:\\Users\\afonso\\Desktop\\faculdade\\backend-api\\services\\adminService.js:15:13)\n    at Object.<anonymous> (C:\\Users\\afonso\\Desktop\\faculdade\\backend-api\\services\\adminService.js:308:18)\n    at Module._compile (node:internal/modules/cjs/loader:1761:14)\n    at Object..js (node:internal/modules/cjs/loader:1893:10)\n    at Module.load (node:internal/modules/cjs/loader:1481:32)\n    at Module._load (node:internal/modules/cjs/loader:1300:12)\n    at TracingChannel.traceSync (node:diagnostics_channel:328:14)\n    at wrapModuleLoad (node:internal/modules/cjs/loader:245:24)\n    at Module.require (node:internal/modules/cjs/loader:1504:12)\n    at require (node:internal/modules/helpers:152:16)",
  "exception": true,
  "date": "Tue Feb 03 2026 12:59:04 GMT-0300 (Horário Padrão de Brasília)",
  "process": {
    "pid": 6132,
    "uid": null,
    "gid": null,
    "cwd": "C:\\Users\\afonso\\Desktop\\faculdade\\backend-api",
    "execPath": "C:\\Program Files\\nodejs\\node.exe",
    "version": "v24.11.1",
    "argv": [
      "C:\\Program Files\\nodejs\\node.exe",
      "C:\\Users\\afonso\\Desktop\\faculdade\\backend-api\\server.js"
    ],
    "memoryUsage": {
      "rss": 63602688,
      "heapTotal": 30539776,
      "heapUsed": 19045344,
      "external": 2401068,
      "arrayBuffers": 18927
    }
  },
  "os": {
    "loadavg": [
      0,
      0,
      0
    ],
    "uptime": 18863.89
  },
  "trace": [
    {
      "column": 13,
      "file": "C:\\Users\\afonso\\Desktop\\faculdade\\backend-api\\services\\adminService.js",
      "function": "new AdminService",
      "line": 15,
      "method": null,
      "native": false
    },
    {
      "column": 18,
      "file": "C:\\Users\\afonso\\Desktop\\faculdade\\backend-api\\services\\adminService.js",
      "function": null,
      "line": 308,
      "method": null,
      "native": false
    },
    {
      "column": 14,
      "file": "node:internal/modules/cjs/loader",
      "function": "Module._compile",
      "line": 1761,
      "method": "_compile",
      "native": false
    },
    {
      "column": 10,
      "file": "node:internal/modules/cjs/loader",
      "function": "Object..js",
      "line": 1893,
      "method": ".js",
      "native": false
    },
    {
      "column": 32,
      "file": "node:internal/modules/cjs/loader",
      "function": "Module.load",
      "line": 1481,
      "method": "load",
      "native": false
    },
    {
      "column": 12,
      "file": "node:internal/modules/cjs/loader",
      "function": "Module._load",
      "line": 1300,
      "method": "_load",
      "native": false
    },
    {
      "column": 14,
      "file": "node:diagnostics_channel",
      "function": "TracingChannel.traceSync",
      "line": 328,
      "method": "traceSync",
      "native": false
    },
    {
      "column": 24,
      "file": "node:internal/modules/cjs/loader",
      "function": "wrapModuleLoad",
      "line": 245,
      "method": null,
      "native": false
    },
    {
      "column": 12,
      "file": "node:internal/modules/cjs/loader",
      "function": "Module.require",
      "line": 1504,
      "method": "require",
      "native": false
    },
    {
      "column": 16,
      "file": "node:internal/modules/helpers",
      "function": "require",
      "line": 152,
      "method": null,
      "native": false
    }
  ],
  "service": "email-system"
}
{
  "timestamp": "2026-02-03 16:03:02",
  "level": "error",
  "message": "uncaughtException: Variáveis SUPABASE_URL ou SUPABASE_SERVICE_ROLE_KEY não configuradas\nError: Variáveis SUPABASE_URL ou SUPABASE_SERVICE_ROLE_KEY não configuradas\n    at new AdminService (C:\\Users\\afonso\\Desktop\\faculdade\\backend-api\\services\\adminService.js:15:13)\n    at Object.<anonymous> (C:\\Users\\afonso\\Desktop\\faculdade\\backend-api\\services\\adminService.js:308:18)\n    at Module._compile (node:internal/modules/cjs/loader:1761:14)\n    at Object..js (node:internal/modules/cjs/loader:1893:10)\n    at Module.load (node:internal/modules/cjs/loader:1481:32)\n    at Module._load (node:internal/modules/cjs/loader:1300:12)\n    at TracingChannel.traceSync (node:diagnostics_channel:328:14)\n    at wrapModuleLoad (node:internal/modules/cjs/loader:245:24)\n    at Module.require (node:internal/modules/cjs/loader:1504:12)\n    at require (node:internal/modules/helpers:152:16)",
  "error": {},
  "stack": "Error: Variáveis SUPABASE_URL ou SUPABASE_SERVICE_ROLE_KEY não configuradas\n    at new AdminService (C:\\Users\\afonso\\Desktop\\faculdade\\backend-api\\services\\adminService.js:15:13)\n    at Object.<anonymous> (C:\\Users\\afonso\\Desktop\\faculdade\\backend-api\\services\\adminService.js:308:18)\n    at Module._compile (node:internal/modules/cjs/loader:1761:14)\n    at Object..js (node:internal/modules/cjs/loader:1893:10)\n    at Module.load (node:internal/modules/cjs/loader:1481:32)\n    at Module._load (node:internal/modules/cjs/loader:1300:12)\n    at TracingChannel.traceSync (node:diagnostics_channel:328:14)\n    at wrapModuleLoad (node:internal/modules/cjs/loader:245:24)\n    at Module.require (node:internal/modules/cjs/loader:1504:12)\n    at require (node:internal/modules/helpers:152:16)",
  "exception": true,
  "date": "Tue Feb 03 2026 16:03:02 GMT-0300 (Horário Padrão de Brasília)",
  "process": {
    "pid": 7864,
    "uid": null,
    "gid": null,
    "cwd": "C:\\Users\\afonso\\Desktop\\faculdade\\backend-api",
    "execPath": "C:\\Program Files\\nodejs\\node.exe",
    "version": "v24.11.1",
    "argv": [
      "C:\\Program Files\\nodejs\\node.exe",
      "C:\\Users\\afonso\\Desktop\\faculdade\\backend-api\\server.js"
    ],
    "memoryUsage": {
      "rss": 65286144,
      "heapTotal": 30801920,
      "heapUsed": 19007800,
      "external": 2401068,
      "arrayBuffers": 18927
    }
  },
  "os": {
    "loadavg": [
      0,
      0,
      0
    ],
    "uptime": 10456.328
  },
  "trace": [
    {
      "column": 13,
      "file": "C:\\Users\\afonso\\Desktop\\faculdade\\backend-api\\services\\adminService.js",
      "function": "new AdminService",
      "line": 15,
      "method": null,
      "native": false
    },
    {
      "column": 18,
      "file": "C:\\Users\\afonso\\Desktop\\faculdade\\backend-api\\services\\adminService.js",
      "function": null,
      "line": 308,
      "method": null,
      "native": false
    },
    {
      "column": 14,
      "file": "node:internal/modules/cjs/loader",
      "function": "Module._compile",
      "line": 1761,
      "method": "_compile",
      "native": false
    },
    {
      "column": 10,
      "file": "node:internal/modules/cjs/loader",
      "function": "Object..js",
      "line": 1893,
      "method": ".js",
      "native": false
    },
    {
      "column": 32,
      "file": "node:internal/modules/cjs/loader",
      "function": "Module.load",
      "line": 1481,
      "method": "load",
      "native": false
    },
    {
      "column": 12,
      "file": "node:internal/modules/cjs/loader",
      "function": "Module._load",
      "line": 1300,
      "method": "_load",
      "native": false
    },
    {
      "column": 14,
      "file": "node:diagnostics_channel",
      "function": "TracingChannel.traceSync",
      "line": 328,
      "method": "traceSync",
      "native": false
    },
    {
      "column": 24,
      "file": "node:internal/modules/cjs/loader",
      "function": "wrapModuleLoad",
      "line": 245,
      "method": null,
      "native": false
    },
    {
      "column": 12,
      "file": "node:internal/modules/cjs/loader",
      "function": "Module.require",
      "line": 1504,
      "method": "require",
      "native": false
    },
    {
      "column": 16,
      "file": "node:internal/modules/helpers",
      "function": "require",
      "line": 152,
      "method": null,
      "native": false
    }
  ],
  "service": "email-system"
}
